#
# There is insufficient memory for the Java Runtime Environment to continue.
# Native memory allocation (malloc) failed to allocate 752336 bytes. Error detail: Chunk::new
# Possible reasons:
#   The system is out of physical RAM or swap space
#   This process is running with CompressedOops enabled, and the Java Heap may be blocking the growth of the native heap
# Possible solutions:
#   Reduce memory load on the system
#   Increase physical memory or swap space
#   Check if swap backing store is full
#   Decrease Java heap size (-Xmx/-Xms)
#   Decrease number of Java threads
#   Decrease Java thread stack sizes (-Xss)
#   Set larger code cache with -XX:ReservedCodeCacheSize=
#   JVM is running with Unscaled Compressed Oops mode in which the Java heap is
#     placed in the first 4GB address space. The Java Heap base address is the
#     maximum limit for the native heap growth. Please use -XX:HeapBaseMinAddress
#     to set the Java Heap base and to place the Java Heap above 4GB virtual address.
# This output file may be truncated or incomplete.
#
#  Out of Memory Error (arena.cpp:150), pid=6748, tid=2508
#
# JRE version: Java(TM) SE Runtime Environment (22.0.1+8) (build 22.0.1+8-16)
# Java VM: Java HotSpot(TM) 64-Bit Server VM (22.0.1+8-16, mixed mode, sharing, tiered, compressed oops, compressed class ptrs, g1 gc, windows-amd64)
# No core dump will be written. Minidumps are not enabled by default on client versions of Windows
#

---------------  S U M M A R Y ------------

Command Line: -ea -Didea.test.cyclic.buffer.size=1048576 -javaagent:C:\Program Files\IntelliJ IDEA Community Edition 2024.1.1\lib\idea_rt.jar=52447:C:\Program Files\IntelliJ IDEA Community Edition 2024.1.1\bin -Dfile.encoding=UTF-8 -Dsun.stdout.encoding=UTF-8 -Dsun.stderr.encoding=UTF-8 com.intellij.rt.junit.JUnitStarter -ideVersion5 -junit5 @w@C:\Users\DELL\AppData\Local\Temp\idea_working_dirs_junit.tmp @C:\Users\DELL\AppData\Local\Temp\idea_junit.tmp -socket52446

Host: Intel(R) Core(TM) i3-4005U CPU @ 1.70GHz, 4 cores, 1G,  Windows 10 , 64 bit Build 10240 (10.0.10240.16384)
Time: Tue Jun 11 13:45:19 2024 India Standard Time elapsed time: 35.610782 seconds (0d 0h 0m 35s)

---------------  T H R E A D  ---------------

Current thread (0x000000b7a6e19600):  JavaThread "C2 CompilerThread0" daemon [_thread_in_native, id=2508, stack(0x000000b7e8800000,0x000000b7e8900000) (1024K)]


Current CompileTask:
C2:35611 5770       4       org.antlr.v4.runtime.atn.ATNDeserializer::stateFactory (240 bytes)

Stack: [0x000000b7e8800000,0x000000b7e8900000]
Native frames: (J=compiled Java code, j=interpreted, Vv=VM code, C=native code)
V  [jvm.dll+0x6e2279]  (no source info available)
V  [jvm.dll+0x874e33]  (no source info available)
V  [jvm.dll+0x87725e]  (no source info available)
V  [jvm.dll+0x877933]  (no source info available)
V  [jvm.dll+0x27fd76]  (no source info available)
V  [jvm.dll+0xc3d0f]  (no source info available)
V  [jvm.dll+0xc3f6b]  (no source info available)
V  [jvm.dll+0x3bb0d2]  (no source info available)
V  [jvm.dll+0x387b6b]  (no source info available)
V  [jvm.dll+0x386fda]  (no source info available)
V  [jvm.dll+0x247918]  (no source info available)
V  [jvm.dll+0x246fbf]  (no source info available)
V  [jvm.dll+0x1c4e90]  (no source info available)
V  [jvm.dll+0x2569fe]  (no source info available)
V  [jvm.dll+0x254cba]  (no source info available)
V  [jvm.dll+0x3f5336]  (no source info available)
V  [jvm.dll+0x81d44b]  (no source info available)
V  [jvm.dll+0x6e0915]  (no source info available)
C  [ucrtbase.dll+0x682dd]  (no source info available)
C  [KERNEL32.DLL+0x12d92]  (no source info available)
C  [ntdll.dll+0x9f64]  (no source info available)


---------------  P R O C E S S  ---------------

Threads class SMR info:
_java_thread_list=0x000000b7efb5dd50, length=14, elements={
0x000000b78c7ce850, 0x000000b7a6e01330, 0x000000b7a6e11410, 0x000000b7a6e13590,
0x000000b7a6e16100, 0x000000b7a6e16b60, 0x000000b7a6e175c0, 0x000000b7a6e19600,
0x000000b7a6e3edd0, 0x000000b7a6f0e520, 0x000000b7e8adc470, 0x000000b7e8adcae0,
0x000000b7ed560e30, 0x000000b7ee4c9d00
}

Java Threads: ( => current thread )
  0x000000b78c7ce850 JavaThread "main"                              [_thread_blocked, id=2844, stack(0x000000b78bea0000,0x000000b78bfa0000) (1024K)]
  0x000000b7a6e01330 JavaThread "Reference Handler"          daemon [_thread_blocked, id=4040, stack(0x000000b7e8200000,0x000000b7e8300000) (1024K)]
  0x000000b7a6e11410 JavaThread "Finalizer"                  daemon [_thread_blocked, id=4892, stack(0x000000b7e8300000,0x000000b7e8400000) (1024K)]
  0x000000b7a6e13590 JavaThread "Signal Dispatcher"          daemon [_thread_blocked, id=336, stack(0x000000b7e8400000,0x000000b7e8500000) (1024K)]
  0x000000b7a6e16100 JavaThread "Attach Listener"            daemon [_thread_blocked, id=9452, stack(0x000000b7e8500000,0x000000b7e8600000) (1024K)]
  0x000000b7a6e16b60 JavaThread "Service Thread"             daemon [_thread_blocked, id=2624, stack(0x000000b7e8600000,0x000000b7e8700000) (1024K)]
  0x000000b7a6e175c0 JavaThread "Monitor Deflation Thread"   daemon [_thread_blocked, id=7844, stack(0x000000b7e8700000,0x000000b7e8800000) (1024K)]
=>0x000000b7a6e19600 JavaThread "C2 CompilerThread0"         daemon [_thread_in_native, id=2508, stack(0x000000b7e8800000,0x000000b7e8900000) (1024K)]
  0x000000b7a6e3edd0 JavaThread "C1 CompilerThread0"         daemon [_thread_blocked, id=3236, stack(0x000000b7e8900000,0x000000b7e8a00000) (1024K)]
  0x000000b7a6f0e520 JavaThread "Common-Cleaner"             daemon [_thread_blocked, id=8320, stack(0x000000b7e8e00000,0x000000b7e8f00000) (1024K)]
  0x000000b7e8adc470 JavaThread "Monitor Ctrl-Break"         daemon [_thread_in_native, id=4324, stack(0x000000b7e8f00000,0x000000b7e9000000) (1024K)]
  0x000000b7e8adcae0 JavaThread "Notification Thread"        daemon [_thread_blocked, id=1000, stack(0x000000b7ed000000,0x000000b7ed100000) (1024K)]
  0x000000b7ed560e30 JavaThread "mysql-cj-abandoned-connection-cleanup" daemon [_thread_blocked, id=10140, stack(0x000000b7eecb0000,0x000000b7eedb0000) (1024K)]
  0x000000b7ee4c9d00 JavaThread "HikariPool-1 housekeeper"   daemon [_thread_blocked, id=272, stack(0x000000b7f1290000,0x000000b7f1390000) (1024K)]
Total: 14

Other Threads:
  0x000000b7a6df8960 VMThread "VM Thread"                           [id=6156, stack(0x000000b7e8100000,0x000000b7e8200000) (1024K)]
  0x000000b78c891890 WatcherThread "VM Periodic Task Thread"        [id=308, stack(0x000000b7e8000000,0x000000b7e8100000) (1024K)]
  0x000000b78c800080 WorkerThread "GC Thread#0"                     [id=6052, stack(0x000000b7a43d0000,0x000000b7a44d0000) (1024K)]
  0x000000b7ed4faf50 WorkerThread "GC Thread#1"                     [id=5812, stack(0x000000b7ed900000,0x000000b7eda00000) (1024K)]
  0x000000b7ed4b6370 WorkerThread "GC Thread#2"                     [id=4176, stack(0x000000b7eda00000,0x000000b7edb00000) (1024K)]
  0x000000b7ed4b6720 WorkerThread "GC Thread#3"                     [id=8052, stack(0x000000b7edb00000,0x000000b7edc00000) (1024K)]
  0x000000b78c805cd0 ConcurrentGCThread "G1 Main Marker"            [id=1592, stack(0x000000b7a44d0000,0x000000b7a45d0000) (1024K)]
  0x000000b78c8066f0 WorkerThread "G1 Conc#0"                       [id=8120, stack(0x000000b7a45d0000,0x000000b7a46d0000) (1024K)]
  0x000000b78c83ebc0 ConcurrentGCThread "G1 Refine#0"               [id=4596, stack(0x000000b7a6b10000,0x000000b7a6c10000) (1024K)]
  0x000000b78a31b750 ConcurrentGCThread "G1 Service"                [id=9016, stack(0x000000b7a6c10000,0x000000b7a6d10000) (1024K)]
Total: 10

Threads with active compile tasks:
C2 CompilerThread0  36100 5770       4       org.antlr.v4.runtime.atn.ATNDeserializer::stateFactory (240 bytes)
Total: 1

VM state: at safepoint (normal execution)

VM Mutex/Monitor currently owned by a thread:  ([mutex/lock_event])
[0x00007fff0df6bbb8] Threads_lock - owner thread: 0x000000b7a6df8960
[0x00007fff0df6bcb8] Heap_lock - owner thread: 0x000000b78c7ce850

Heap address: 0x00000000e1600000, size: 490 MB, Compressed Oops mode: 32-bit

CDS archive(s) mapped at: [0x000000b7a7000000-0x000000b7a7c60000-0x000000b7a7c60000), size 12976128, SharedBaseAddress: 0x000000b7a7000000, ArchiveRelocationMode: 1.
Compressed class space mapped at: 0x000000b7a8000000-0x000000b7e8000000, reserved size: 1073741824
Narrow klass base: 0x000000b7a7000000, Narrow klass shift: 0, Narrow klass range: 0x41000000

GC Precious Log:
 CardTable entry size: 512
 Card Set container configuration: InlinePtr #cards 5 size 8 Array Of Cards #cards 12 size 40 Howl #buckets 4 coarsen threshold 1843 Howl Bitmap #cards 512 size 80 coarsen threshold 460 Card regions per heap region 1 cards per card region 2048
 CPUs: 4 total, 4 available
 Memory: 1952M
 Large Page Support: Disabled
 NUMA Support: Disabled
 Compressed Oops: Enabled (32-bit)
 Heap Region Size: 1M
 Heap Min Capacity: 8M
 Heap Initial Capacity: 32M
 Heap Max Capacity: 490M
 Pre-touch: Disabled
 Parallel Workers: 4
 Concurrent Workers: 1
 Concurrent Refinement Workers: 4
 Periodic GC: Disabled

Heap:
 garbage-first heap   total reserved 501760K, committed 49152K, used 42948K [0x00000000e1600000, 0x0000000100000000)
  region size 1024K, 15 young (15360K), 0 survivors (0K)
 Metaspace       used 66624K, committed 67200K, reserved 1114112K
  class space    used 9474K, committed 9728K, reserved 1048576K

Heap Regions: E=young(eden), S=young(survivor), O=old, HS=humongous(starts), HC=humongous(continues), CS=collection set, F=free, TAMS=top-at-mark-start, PB=parsable bottom
|   0|0x00000000e1600000, 0x00000000e1700000, 0x00000000e1700000|100%|HS|  |TAMS 0x00000000e1600000| PB 0x00000000e1600000| Complete |  0
|   1|0x00000000e1700000, 0x00000000e1800000, 0x00000000e1800000|100%| O|  |TAMS 0x00000000e1700000| PB 0x00000000e1700000| Untracked |  0
|   2|0x00000000e1800000, 0x00000000e1900000, 0x00000000e1900000|100%| O|  |TAMS 0x00000000e1800000| PB 0x00000000e1800000| Untracked |  0
|   3|0x00000000e1900000, 0x00000000e1a00000, 0x00000000e1a00000|100%| O|  |TAMS 0x00000000e1900000| PB 0x00000000e1900000| Untracked |  0
|   4|0x00000000e1a00000, 0x00000000e1b00000, 0x00000000e1b00000|100%| O|  |TAMS 0x00000000e1a00000| PB 0x00000000e1a00000| Untracked |  0
|   5|0x00000000e1b00000, 0x00000000e1c00000, 0x00000000e1c00000|100%| O|  |TAMS 0x00000000e1b00000| PB 0x00000000e1b00000| Untracked |  0
|   6|0x00000000e1c00000, 0x00000000e1d00000, 0x00000000e1d00000|100%| O|  |TAMS 0x00000000e1c00000| PB 0x00000000e1c00000| Untracked |  0
|   7|0x00000000e1d00000, 0x00000000e1e00000, 0x00000000e1e00000|100%| O|  |TAMS 0x00000000e1d00000| PB 0x00000000e1d00000| Untracked |  0
|   8|0x00000000e1e00000, 0x00000000e1f00000, 0x00000000e1f00000|100%| O|  |TAMS 0x00000000e1e00000| PB 0x00000000e1e00000| Untracked |  0
|   9|0x00000000e1f00000, 0x00000000e2000000, 0x00000000e2000000|100%| O|  |TAMS 0x00000000e1f00000| PB 0x00000000e1f00000| Untracked |  0
|  10|0x00000000e2000000, 0x00000000e2000000, 0x00000000e2100000|  0%| F|  |TAMS 0x00000000e2000000| PB 0x00000000e2000000| Untracked |  0
|  11|0x00000000e2100000, 0x00000000e2200000, 0x00000000e2200000|100%| O|  |TAMS 0x00000000e2100000| PB 0x00000000e2100000| Untracked |  0
|  12|0x00000000e2200000, 0x00000000e2300000, 0x00000000e2300000|100%| O|  |TAMS 0x00000000e2200000| PB 0x00000000e2200000| Untracked |  0
|  13|0x00000000e2300000, 0x00000000e2400000, 0x00000000e2400000|100%| O|  |TAMS 0x00000000e2300000| PB 0x00000000e2300000| Untracked |  0
|  14|0x00000000e2400000, 0x00000000e2500000, 0x00000000e2500000|100%| O|  |TAMS 0x00000000e2400000| PB 0x00000000e2400000| Untracked |  0
|  15|0x00000000e2500000, 0x00000000e2600000, 0x00000000e2600000|100%| O|  |TAMS 0x00000000e2500000| PB 0x00000000e2500000| Untracked |  0
|  16|0x00000000e2600000, 0x00000000e2700000, 0x00000000e2700000|100%| O|  |TAMS 0x00000000e2600000| PB 0x00000000e2600000| Untracked |  0
|  17|0x00000000e2700000, 0x00000000e2800000, 0x00000000e2800000|100%| O|  |TAMS 0x00000000e2700000| PB 0x00000000e2700000| Untracked |  0
|  18|0x00000000e2800000, 0x00000000e2900000, 0x00000000e2900000|100%| O|  |TAMS 0x00000000e2800000| PB 0x00000000e2800000| Untracked |  0
|  19|0x00000000e2900000, 0x00000000e2a00000, 0x00000000e2a00000|100%| O|  |TAMS 0x00000000e2900000| PB 0x00000000e2900000| Untracked |  0
|  20|0x00000000e2a00000, 0x00000000e2b00000, 0x00000000e2b00000|100%| O|  |TAMS 0x00000000e2a00000| PB 0x00000000e2a00000| Untracked |  0
|  21|0x00000000e2b00000, 0x00000000e2c00000, 0x00000000e2c00000|100%| O|  |TAMS 0x00000000e2b00000| PB 0x00000000e2b00000| Untracked |  0
|  22|0x00000000e2c00000, 0x00000000e2d00000, 0x00000000e2d00000|100%| O|  |TAMS 0x00000000e2c00000| PB 0x00000000e2c00000| Untracked |  0
|  23|0x00000000e2d00000, 0x00000000e2e00000, 0x00000000e2e00000|100%| O|CS|TAMS 0x00000000e2d00000| PB 0x00000000e2d00000| Complete |  0
|  24|0x00000000e2e00000, 0x00000000e2ef1150, 0x00000000e2f00000| 94%| O|  |TAMS 0x00000000e2e00000| PB 0x00000000e2e00000| Untracked |  0
|  25|0x00000000e2f00000, 0x00000000e2f00000, 0x00000000e3000000|  0%| F|  |TAMS 0x00000000e2f00000| PB 0x00000000e2f00000| Untracked |  0
|  26|0x00000000e3000000, 0x00000000e3000000, 0x00000000e3100000|  0%| F|  |TAMS 0x00000000e3000000| PB 0x00000000e3000000| Untracked |  0
|  27|0x00000000e3100000, 0x00000000e3100000, 0x00000000e3200000|  0%| F|  |TAMS 0x00000000e3100000| PB 0x00000000e3100000| Untracked |  0
|  28|0x00000000e3200000, 0x00000000e3300000, 0x00000000e3300000|100%| E|CS|TAMS 0x00000000e3200000| PB 0x00000000e3200000| Complete |  0
|  29|0x00000000e3300000, 0x00000000e3400000, 0x00000000e3400000|100%| E|CS|TAMS 0x00000000e3300000| PB 0x00000000e3300000| Complete |  0
|  30|0x00000000e3400000, 0x00000000e3500000, 0x00000000e3500000|100%| E|CS|TAMS 0x00000000e3400000| PB 0x00000000e3400000| Complete |  0
|  31|0x00000000e3500000, 0x00000000e3500000, 0x00000000e3600000|  0%| F|  |TAMS 0x00000000e3500000| PB 0x00000000e3500000| Untracked |  0
|  32|0x00000000e3600000, 0x00000000e3600000, 0x00000000e3700000|  0%| F|  |TAMS 0x00000000e3600000| PB 0x00000000e3600000| Untracked |  0
|  33|0x00000000e3700000, 0x00000000e3800000, 0x00000000e3800000|100%| E|CS|TAMS 0x00000000e3700000| PB 0x00000000e3700000| Complete |  0
|  34|0x00000000e3800000, 0x00000000e3900000, 0x00000000e3900000|100%| E|CS|TAMS 0x00000000e3800000| PB 0x00000000e3800000| Complete |  0
|  35|0x00000000e3900000, 0x00000000e3a00000, 0x00000000e3a00000|100%| E|CS|TAMS 0x00000000e3900000| PB 0x00000000e3900000| Complete |  0
|  36|0x00000000e3a00000, 0x00000000e3b00000, 0x00000000e3b00000|100%| E|CS|TAMS 0x00000000e3a00000| PB 0x00000000e3a00000| Complete |  0
|  37|0x00000000e3b00000, 0x00000000e3c00000, 0x00000000e3c00000|100%| E|CS|TAMS 0x00000000e3b00000| PB 0x00000000e3b00000| Complete |  0
|  38|0x00000000e3c00000, 0x00000000e3d00000, 0x00000000e3d00000|100%| E|CS|TAMS 0x00000000e3c00000| PB 0x00000000e3c00000| Complete |  0
|  39|0x00000000e3d00000, 0x00000000e3e00000, 0x00000000e3e00000|100%| E|CS|TAMS 0x00000000e3d00000| PB 0x00000000e3d00000| Complete |  0
|  40|0x00000000e3e00000, 0x00000000e3f00000, 0x00000000e3f00000|100%| E|CS|TAMS 0x00000000e3e00000| PB 0x00000000e3e00000| Complete |  0
|  41|0x00000000e3f00000, 0x00000000e4000000, 0x00000000e4000000|100%| E|CS|TAMS 0x00000000e3f00000| PB 0x00000000e3f00000| Complete |  0
|  42|0x00000000e4000000, 0x00000000e4100000, 0x00000000e4100000|100%| E|CS|TAMS 0x00000000e4000000| PB 0x00000000e4000000| Complete |  0
|  43|0x00000000e4100000, 0x00000000e4200000, 0x00000000e4200000|100%| E|CS|TAMS 0x00000000e4100000| PB 0x00000000e4100000| Complete |  0
|  44|0x00000000e4200000, 0x00000000e4300000, 0x00000000e4300000|100%| E|CS|TAMS 0x00000000e4200000| PB 0x00000000e4200000| Complete |  0
|  45|0x00000000e4300000, 0x00000000e4400000, 0x00000000e4400000|100%| E|CS|TAMS 0x00000000e4300000| PB 0x00000000e4300000| Complete |  0
|  46|0x00000000e4400000, 0x00000000e4500000, 0x00000000e4500000|100%| E|CS|TAMS 0x00000000e4400000| PB 0x00000000e4400000| Complete |  0
|  47|0x00000000e4500000, 0x00000000e4600000, 0x00000000e4600000|100%| E|CS|TAMS 0x00000000e4500000| PB 0x00000000e4500000| Complete |  0

Card table byte_map: [0x000000b7a3b20000,0x000000b7a3c20000] _byte_map_base: 0x000000b7a3415000

Marking Bits: (CMBitMap*) 0x000000b78c8006a0
 Bits: [0x000000b7a3c20000, 0x000000b7a43c8000)

Polling page: 0x000000b78bfa0000

Metaspace:

Usage:
  Non-class:     55.81 MB used.
      Class:      9.25 MB used.
       Both:     65.06 MB used.

Virtual space:
  Non-class space:       64.00 MB reserved,      56.13 MB ( 88%) committed,  1 nodes.
      Class space:        1.00 GB reserved,       9.50 MB ( <1%) committed,  1 nodes.
             Both:        1.06 GB reserved,      65.63 MB (  6%) committed. 

Chunk freelists:
   Non-Class:  7.75 MB
       Class:  6.50 MB
        Both:  14.25 MB

MaxMetaspaceSize: unlimited
CompressedClassSpaceSize: 1.00 GB
Initial GC threshold: 21.00 MB
Current GC threshold: 101.06 MB
CDS: on
 - commit_granule_bytes: 65536.
 - commit_granule_words: 8192.
 - virtual_space_node_default_size: 8388608.
 - enlarge_chunks_in_place: 1.
 - use_allocation_guard: 0.


Internal statistics:

num_allocs_failed_limit: 3.
num_arena_births: 746.
num_arena_deaths: 2.
num_vsnodes_births: 2.
num_vsnodes_deaths: 0.
num_space_committed: 1050.
num_space_uncommitted: 0.
num_chunks_returned_to_freelist: 6.
num_chunks_taken_from_freelist: 2998.
num_chunk_merges: 3.
num_chunk_splits: 2180.
num_chunks_enlarged: 1730.
num_inconsistent_stats: 0.

CodeHeap 'non-profiled nmethods': size=120000Kb used=2755Kb max_used=2755Kb free=117244Kb
 bounds [0x000000b79c5f0000, 0x000000b79c8b0000, 0x000000b7a3b20000]
CodeHeap 'profiled nmethods': size=120000Kb used=9119Kb max_used=9119Kb free=110880Kb
 bounds [0x000000b794b20000, 0x000000b795410000, 0x000000b79c050000]
CodeHeap 'non-nmethods': size=5760Kb used=1712Kb max_used=1747Kb free=4047Kb
 bounds [0x000000b79c050000, 0x000000b79c2c0000, 0x000000b79c5f0000]
 total_blobs=5715 nmethods=4980 adapters=639
 compilation: enabled
              stopped_count=0, restarted_count=0
 full_count=0

Compilation events (20 events):
Event: 35.533 Thread 0x000000b7a6e19600 nmethod 5775 0x000000b79c89f510 code [0x000000b79c89f6a0, 0x000000b79c89f7a0]
Event: 35.533 Thread 0x000000b7a6e19600 5770       4       org.antlr.v4.runtime.atn.ATNDeserializer::stateFactory (240 bytes)
Event: 35.534 Thread 0x000000b7a6e3edd0 5777       3       org.antlr.v4.runtime.atn.ATN::getDecisionState (28 bytes)
Event: 35.534 Thread 0x000000b7a6e3edd0 nmethod 5777 0x000000b7953fc790 code [0x000000b7953fc960, 0x000000b7953fcd48]
Event: 35.534 Thread 0x000000b7a6e3edd0 5778       3       org.antlr.v4.runtime.dfa.DFA::<init> (95 bytes)
Event: 35.535 Thread 0x000000b7a6e3edd0 nmethod 5778 0x000000b7953fce90 code [0x000000b7953fd0c0, 0x000000b7953fdc10]
Event: 35.581 Thread 0x000000b7a6e3edd0 5779       3       org.antlr.v4.runtime.atn.LexerATNConfig::<init> (21 bytes)
Event: 35.582 Thread 0x000000b7a6e3edd0 nmethod 5779 0x000000b7953fdf10 code [0x000000b7953fe0c0, 0x000000b7953fe3e0]
Event: 35.582 Thread 0x000000b7a6e3edd0 5780       3       org.antlr.v4.runtime.atn.LexerATNConfig::equals (59 bytes)
Event: 35.583 Thread 0x000000b7a6e3edd0 nmethod 5780 0x000000b7953fe510 code [0x000000b7953fe700, 0x000000b7953fecd8]
Event: 35.583 Thread 0x000000b7a6e3edd0 5781       3       java.lang.Math::floor (5 bytes)
Event: 35.583 Thread 0x000000b7a6e3edd0 nmethod 5781 0x000000b7951a2a90 code [0x000000b7951a2c40, 0x000000b7951a2d58]
Event: 35.583 Thread 0x000000b7a6e3edd0 5782       3       java.lang.StrictMath::floor (12 bytes)
Event: 35.583 Thread 0x000000b7a6e3edd0 nmethod 5782 0x000000b7953fee90 code [0x000000b7953ff060, 0x000000b7953ff190]
Event: 35.584 Thread 0x000000b7a6e3edd0 5783       1       org.antlr.v4.runtime.atn.LexerATNConfig::getLexerActionExecutor (5 bytes)
Event: 35.584 Thread 0x000000b7a6e3edd0 nmethod 5783 0x000000b79c89f890 code [0x000000b79c89fa20, 0x000000b79c89fae8]
Event: 35.584 Thread 0x000000b7a6e3edd0 5784       3       org.antlr.v4.runtime.atn.LexerATNConfig::<init> (29 bytes)
Event: 35.585 Thread 0x000000b7a6e3edd0 nmethod 5784 0x000000b7953ff210 code [0x000000b7953ff3e0, 0x000000b7953ff880]
Event: 35.585 Thread 0x000000b7a6e3edd0 5785       3       org.antlr.v4.runtime.atn.ATNConfigSet$AbstractConfigHashSet::<init> (9 bytes)
Event: 35.585 Thread 0x000000b7a6e3edd0 nmethod 5785 0x000000b7953ffa10 code [0x000000b7953ffbc0, 0x000000b7953ffd68]

GC Heap History (20 events):
Event: 16.307 GC heap before
{Heap before GC invocations=14 (full 0):
 garbage-first heap   total reserved 501760K, committed 32768K, used 26557K [0x00000000e1600000, 0x0000000100000000)
  region size 1024K, 10 young (10240K), 2 survivors (2048K)
 Metaspace       used 31771K, committed 32256K, reserved 1114112K
  class space    used 4262K, committed 4480K, reserved 1048576K
}
Event: 16.322 GC heap after
{Heap after GC invocations=15 (full 0):
 garbage-first heap   total reserved 501760K, committed 39936K, used 19021K [0x00000000e1600000, 0x0000000100000000)
  region size 1024K, 2 young (2048K), 2 survivors (2048K)
 Metaspace       used 31771K, committed 32256K, reserved 1114112K
  class space    used 4262K, committed 4480K, reserved 1048576K
}
Event: 18.281 GC heap before
{Heap before GC invocations=15 (full 0):
 garbage-first heap   total reserved 501760K, committed 39936K, used 33357K [0x00000000e1600000, 0x0000000100000000)
  region size 1024K, 17 young (17408K), 2 survivors (2048K)
 Metaspace       used 35724K, committed 36224K, reserved 1114112K
  class space    used 4839K, committed 5056K, reserved 1048576K
}
Event: 18.297 GC heap after
{Heap after GC invocations=16 (full 0):
 garbage-first heap   total reserved 501760K, committed 39936K, used 19949K [0x00000000e1600000, 0x0000000100000000)
  region size 1024K, 2 young (2048K), 2 survivors (2048K)
 Metaspace       used 35724K, committed 36224K, reserved 1114112K
  class space    used 4839K, committed 5056K, reserved 1048576K
}
Event: 20.573 GC heap before
{Heap before GC invocations=16 (full 0):
 garbage-first heap   total reserved 501760K, committed 39936K, used 33261K [0x00000000e1600000, 0x0000000100000000)
  region size 1024K, 16 young (16384K), 2 survivors (2048K)
 Metaspace       used 39191K, committed 39680K, reserved 1114112K
  class space    used 5420K, committed 5632K, reserved 1048576K
}
Event: 20.586 GC heap after
{Heap after GC invocations=17 (full 0):
 garbage-first heap   total reserved 501760K, committed 39936K, used 20793K [0x00000000e1600000, 0x0000000100000000)
  region size 1024K, 2 young (2048K), 2 survivors (2048K)
 Metaspace       used 39191K, committed 39680K, reserved 1114112K
  class space    used 5420K, committed 5632K, reserved 1048576K
}
Event: 22.859 GC heap before
{Heap before GC invocations=18 (full 0):
 garbage-first heap   total reserved 501760K, committed 39936K, used 34105K [0x00000000e1600000, 0x0000000100000000)
  region size 1024K, 15 young (15360K), 2 survivors (2048K)
 Metaspace       used 46473K, committed 46976K, reserved 1114112K
  class space    used 6272K, committed 6464K, reserved 1048576K
}
Event: 22.874 GC heap after
{Heap after GC invocations=19 (full 0):
 garbage-first heap   total reserved 501760K, committed 39936K, used 22708K [0x00000000e1600000, 0x0000000100000000)
  region size 1024K, 2 young (2048K), 2 survivors (2048K)
 Metaspace       used 46473K, committed 46976K, reserved 1114112K
  class space    used 6272K, committed 6464K, reserved 1048576K
}
Event: 23.594 GC heap before
{Heap before GC invocations=19 (full 0):
 garbage-first heap   total reserved 501760K, committed 39936K, used 33972K [0x00000000e1600000, 0x0000000100000000)
  region size 1024K, 13 young (13312K), 2 survivors (2048K)
 Metaspace       used 48970K, committed 49472K, reserved 1114112K
  class space    used 6631K, committed 6848K, reserved 1048576K
}
Event: 23.610 GC heap after
{Heap after GC invocations=20 (full 0):
 garbage-first heap   total reserved 501760K, committed 39936K, used 23552K [0x00000000e1600000, 0x0000000100000000)
  region size 1024K, 1 young (1024K), 1 survivors (1024K)
 Metaspace       used 48970K, committed 49472K, reserved 1114112K
  class space    used 6631K, committed 6848K, reserved 1048576K
}
Event: 24.350 GC heap before
{Heap before GC invocations=20 (full 0):
 garbage-first heap   total reserved 501760K, committed 39936K, used 34816K [0x00000000e1600000, 0x0000000100000000)
  region size 1024K, 13 young (13312K), 1 survivors (1024K)
 Metaspace       used 51487K, committed 52032K, reserved 1114112K
  class space    used 6956K, committed 7168K, reserved 1048576K
}
Event: 24.359 GC heap after
{Heap after GC invocations=21 (full 0):
 garbage-first heap   total reserved 501760K, committed 39936K, used 24256K [0x00000000e1600000, 0x0000000100000000)
  region size 1024K, 2 young (2048K), 2 survivors (2048K)
 Metaspace       used 51487K, committed 52032K, reserved 1114112K
  class space    used 6956K, committed 7168K, reserved 1048576K
}
Event: 25.317 GC heap before
{Heap before GC invocations=22 (full 0):
 garbage-first heap   total reserved 501760K, committed 40960K, used 34496K [0x00000000e1600000, 0x0000000100000000)
  region size 1024K, 13 young (13312K), 2 survivors (2048K)
 Metaspace       used 55798K, committed 56384K, reserved 1114112K
  class space    used 7631K, committed 7872K, reserved 1048576K
}
Event: 25.328 GC heap after
{Heap after GC invocations=23 (full 0):
 garbage-first heap   total reserved 501760K, committed 40960K, used 24731K [0x00000000e1600000, 0x0000000100000000)
  region size 1024K, 2 young (2048K), 2 survivors (2048K)
 Metaspace       used 55798K, committed 56384K, reserved 1114112K
  class space    used 7631K, committed 7872K, reserved 1048576K
}
Event: 26.528 GC heap before
{Heap before GC invocations=23 (full 0):
 garbage-first heap   total reserved 501760K, committed 40960K, used 35995K [0x00000000e1600000, 0x0000000100000000)
  region size 1024K, 13 young (13312K), 2 survivors (2048K)
 Metaspace       used 58673K, committed 59264K, reserved 1114112K
  class space    used 8134K, committed 8384K, reserved 1048576K
}
Event: 26.544 GC heap after
{Heap after GC invocations=24 (full 0):
 garbage-first heap   total reserved 501760K, committed 40960K, used 24877K [0x00000000e1600000, 0x0000000100000000)
  region size 1024K, 1 young (1024K), 1 survivors (1024K)
 Metaspace       used 58673K, committed 59264K, reserved 1114112K
  class space    used 8134K, committed 8384K, reserved 1048576K
}
Event: 32.309 GC heap before
{Heap before GC invocations=24 (full 0):
 garbage-first heap   total reserved 501760K, committed 40960K, used 37165K [0x00000000e1600000, 0x0000000100000000)
  region size 1024K, 13 young (13312K), 1 survivors (1024K)
 Metaspace       used 61293K, committed 61888K, reserved 1114112K
  class space    used 8488K, committed 8768K, reserved 1048576K
}
Event: 32.328 GC heap after
{Heap after GC invocations=25 (full 0):
 garbage-first heap   total reserved 501760K, committed 49152K, used 25901K [0x00000000e1600000, 0x0000000100000000)
  region size 1024K, 2 young (2048K), 2 survivors (2048K)
 Metaspace       used 61293K, committed 61888K, reserved 1114112K
  class space    used 8488K, committed 8768K, reserved 1048576K
}
Event: 34.297 GC heap before
{Heap before GC invocations=26 (full 0):
 garbage-first heap   total reserved 501760K, committed 49152K, used 42285K [0x00000000e1600000, 0x0000000100000000)
  region size 1024K, 19 young (19456K), 2 survivors (2048K)
 Metaspace       used 64880K, committed 65536K, reserved 1114112K
  class space    used 9107K, committed 9408K, reserved 1048576K
}
Event: 34.337 GC heap after
{Heap after GC invocations=27 (full 0):
 garbage-first heap   total reserved 501760K, committed 49152K, used 27588K [0x00000000e1600000, 0x0000000100000000)
  region size 1024K, 3 young (3072K), 3 survivors (3072K)
 Metaspace       used 64880K, committed 65536K, reserved 1114112K
  class space    used 9107K, committed 9408K, reserved 1048576K
}

Dll operation events (13 events):
Event: 0.239 Loaded shared library C:\Program Files\Java\jdk-22\bin\java.dll
Event: 0.525 Loaded shared library C:\Program Files\Java\jdk-22\bin\jsvml.dll
Event: 0.948 Loaded shared library C:\Program Files\Java\jdk-22\bin\zip.dll
Event: 0.956 Loaded shared library C:\Program Files\Java\jdk-22\bin\instrument.dll
Event: 0.983 Loaded shared library C:\Program Files\Java\jdk-22\bin\net.dll
Event: 0.997 Loaded shared library C:\Program Files\Java\jdk-22\bin\nio.dll
Event: 1.006 Loaded shared library C:\Program Files\Java\jdk-22\bin\zip.dll
Event: 1.042 Loaded shared library C:\Program Files\IntelliJ IDEA Community Edition 2024.1.1\bin\breakgen64.dll
Event: 1.082 Loaded shared library C:\Program Files\Java\jdk-22\bin\extnet.dll
Event: 2.615 Loaded shared library C:\Program Files\Java\jdk-22\bin\jimage.dll
Event: 7.564 Loaded shared library C:\Program Files\Java\jdk-22\bin\le.dll
Event: 12.548 Loaded shared library C:\Program Files\Java\jdk-22\bin\sunmscapi.dll
Event: 18.741 Loaded shared library C:\Program Files\Java\jdk-22\bin\verify.dll

Deoptimization events (20 events):
Event: 34.440 Thread 0x000000b78c7ce850 Uncommon trap: trap_request=0xffffffde fr.pc=0x000000b79c88d75c relative=0x00000000000006fc
Event: 34.440 Thread 0x000000b78c7ce850 Uncommon trap: reason=class_check action=maybe_recompile pc=0x000000b79c88d75c method=org.antlr.v4.runtime.atn.ParserATNSimulator.canDropLoopEntryEdgeInLeftRecursiveRule(Lorg/antlr/v4/runtime/atn/ATNConfig;)Z @ 92 c2
Event: 34.440 Thread 0x000000b78c7ce850 DEOPT PACKING pc=0x000000b79c88d75c sp=0x000000b78bf96bf0
Event: 34.440 Thread 0x000000b78c7ce850 DEOPT UNPACKING pc=0x000000b79c0a46a2 sp=0x000000b78bf96b88 mode 2
Event: 35.585 Thread 0x000000b78c7ce850 Uncommon trap: trap_request=0xffffffd6 fr.pc=0x000000b79c894e58 relative=0x00000000000041b8
Event: 35.585 Thread 0x000000b78c7ce850 Uncommon trap: reason=array_check action=maybe_recompile pc=0x000000b79c894e58 method=org.antlr.v4.runtime.misc.Array2DHashSet.getOrAddImpl(Ljava/lang/Object;)Ljava/lang/Object; @ 36 c2
Event: 35.585 Thread 0x000000b78c7ce850 DEOPT PACKING pc=0x000000b79c894e58 sp=0x000000b78bf989c0
Event: 35.585 Thread 0x000000b78c7ce850 DEOPT UNPACKING pc=0x000000b79c0a46a2 sp=0x000000b78bf98820 mode 2
Event: 35.585 Thread 0x000000b78c7ce850 Uncommon trap: trap_request=0xffffffd6 fr.pc=0x000000b79c894e58 relative=0x00000000000041b8
Event: 35.585 Thread 0x000000b78c7ce850 Uncommon trap: reason=array_check action=maybe_recompile pc=0x000000b79c894e58 method=org.antlr.v4.runtime.misc.Array2DHashSet.getOrAddImpl(Ljava/lang/Object;)Ljava/lang/Object; @ 36 c2
Event: 35.585 Thread 0x000000b78c7ce850 DEOPT PACKING pc=0x000000b79c894e58 sp=0x000000b78bf98020
Event: 35.585 Thread 0x000000b78c7ce850 DEOPT UNPACKING pc=0x000000b79c0a46a2 sp=0x000000b78bf97e80 mode 2
Event: 35.585 Thread 0x000000b78c7ce850 Uncommon trap: trap_request=0xffffffd6 fr.pc=0x000000b79c894e58 relative=0x00000000000041b8
Event: 35.585 Thread 0x000000b78c7ce850 Uncommon trap: reason=array_check action=maybe_recompile pc=0x000000b79c894e58 method=org.antlr.v4.runtime.misc.Array2DHashSet.getOrAddImpl(Ljava/lang/Object;)Ljava/lang/Object; @ 36 c2
Event: 35.585 Thread 0x000000b78c7ce850 DEOPT PACKING pc=0x000000b79c894e58 sp=0x000000b78bf98020
Event: 35.585 Thread 0x000000b78c7ce850 DEOPT UNPACKING pc=0x000000b79c0a46a2 sp=0x000000b78bf97e80 mode 2
Event: 35.585 Thread 0x000000b78c7ce850 Uncommon trap: trap_request=0xffffffd6 fr.pc=0x000000b79c894e58 relative=0x00000000000041b8
Event: 35.585 Thread 0x000000b78c7ce850 Uncommon trap: reason=array_check action=maybe_recompile pc=0x000000b79c894e58 method=org.antlr.v4.runtime.misc.Array2DHashSet.getOrAddImpl(Ljava/lang/Object;)Ljava/lang/Object; @ 36 c2
Event: 35.586 Thread 0x000000b78c7ce850 DEOPT PACKING pc=0x000000b79c894e58 sp=0x000000b78bf98020
Event: 35.586 Thread 0x000000b78c7ce850 DEOPT UNPACKING pc=0x000000b79c0a46a2 sp=0x000000b78bf97e80 mode 2

Classes loaded (20 events):
Event: 30.969 Loading class javax/naming/Reference
Event: 30.971 Loading class javax/naming/Reference done
Event: 31.353 Loading class java/lang/SafeVarargs
Event: 31.353 Loading class java/lang/SafeVarargs done
Event: 31.377 Loading class sun/reflect/generics/reflectiveObjects/GenericArrayTypeImpl
Event: 31.377 Loading class sun/reflect/generics/reflectiveObjects/GenericArrayTypeImpl done
Event: 31.699 Loading class java/util/concurrent/ConcurrentHashMap$TreeNode
Event: 31.701 Loading class java/util/concurrent/ConcurrentHashMap$TreeNode done
Event: 31.701 Loading class java/util/concurrent/ConcurrentHashMap$TreeBin
Event: 31.702 Loading class java/util/concurrent/ConcurrentHashMap$TreeBin done
Event: 33.172 Loading class java/lang/Package$1PackageInfoProxy
Event: 33.173 Loading class java/lang/Package$1PackageInfoProxy done
Event: 33.269 Loading class java/util/regex/Pattern$Bound
Event: 33.270 Loading class java/util/regex/Pattern$Bound done
Event: 33.273 Loading class java/util/regex/Pattern$Behind
Event: 33.276 Loading class java/util/regex/Pattern$Behind done
Event: 33.348 Loading class java/util/EmptyStackException
Event: 33.348 Loading class java/util/EmptyStackException done
Event: 33.400 Loading class java/io/InvalidClassException
Event: 33.400 Loading class java/io/InvalidClassException done

Classes unloaded (1 events):
Event: 10.252 Thread 0x000000b7a6df8960 Unloading class 0x000000b7a8004000 'java/lang/invoke/LambdaForm$DMH+0x000000b7a8004000'

Classes redefined (0 events):
No events

Internal exceptions (20 events):
Event: 26.369 Thread 0x000000b78c7ce850 Exception <a 'java/lang/NoSuchMethodError'{0x00000000e35fd798}: 'void java.lang.invoke.DirectMethodHandle$Holder.invokeStatic(java.lang.Object, java.lang.Object, java.lang.Object, int, java.lang.Object)'> (0x00000000e35fd798) 
thrown [s\open\src\hotspot\share\interpreter\linkResolver.cpp, line 774]
Event: 26.377 Thread 0x000000b78c7ce850 Exception <a 'java/lang/NoSuchMethodError'{0x00000000e340b670}: 'void java.lang.invoke.DirectMethodHandle$Holder.invokeInterface(java.lang.Object, java.lang.Object, int, java.lang.Object)'> (0x00000000e340b670) 
thrown [s\open\src\hotspot\share\interpreter\linkResolver.cpp, line 774]
Event: 26.390 Thread 0x000000b78c7ce850 Exception <a 'java/lang/NoSuchMethodError'{0x00000000e342ec30}: 'java.lang.Object java.lang.invoke.DirectMethodHandle$Holder.newInvokeSpecial(java.lang.Object, java.lang.Object, int, java.lang.Object)'> (0x00000000e342ec30) 
thrown [s\open\src\hotspot\share\interpreter\linkResolver.cpp, line 774]
Event: 26.390 Thread 0x000000b78c7ce850 Exception <a 'java/lang/NoSuchMethodError'{0x00000000e3432db0}: 'java.lang.Object java.lang.invoke.Invokers$Holder.linkToTargetMethod(java.lang.Object, int, java.lang.Object, java.lang.Object)'> (0x00000000e3432db0) 
thrown [s\open\src\hotspot\share\interpreter\linkResolver.cpp, line 774]
Event: 26.464 Thread 0x000000b78c7ce850 Exception <a 'java/lang/NoSuchMethodError'{0x00000000e3305bd8}: 'void java.lang.invoke.DirectMethodHandle$Holder.invokeSpecial(java.lang.Object, java.lang.Object, java.lang.Object, java.lang.Object, java.lang.Object, java.lang.Object, java.lang.Object, java.lang.Object)'> (0x00000000e3305bd8) 
thrown [s\open\src\hotspot\share\interpreter\linkResolver.cpp, line 774]
Event: 26.482 Thread 0x000000b78c7ce850 Exception <a 'java/lang/NoSuchMethodError'{0x00000000e333eed0}: 'void java.lang.invoke.DirectMethodHandle$Holder.invokeSpecial(java.lang.Object, java.lang.Object, int, java.lang.Object)'> (0x00000000e333eed0) 
thrown [s\open\src\hotspot\share\interpreter\linkResolver.cpp, line 774]
Event: 26.605 Thread 0x000000b78c7ce850 Exception <a 'java/lang/NoSuchMethodError'{0x00000000e3d93630}: 'int java.lang.invoke.DirectMethodHandle$Holder.invokeStatic(java.lang.Object, int, java.lang.Object)'> (0x00000000e3d93630) 
thrown [s\open\src\hotspot\share\interpreter\linkResolver.cpp, line 774]
Event: 26.611 Thread 0x000000b78c7ce850 Exception <a 'java/lang/NoSuchMethodError'{0x00000000e3db0da0}: 'java.lang.Object java.lang.invoke.DirectMethodHandle$Holder.newInvokeSpecial(java.lang.Object, java.lang.Object, java.lang.Object, java.lang.Object, java.lang.Object, int, java.lang.Object)'> (0x00000000e3db0da0) 
thrown [s\open\src\hotspot\share\interpreter\linkResolver.cpp, line 774]
Event: 26.620 Thread 0x000000b78c7ce850 Exception <a 'java/lang/NoSuchMethodError'{0x00000000e3de2a18}: 'java.lang.Object java.lang.invoke.DirectMethodHandle$Holder.newInvokeSpecial(java.lang.Object, java.lang.Object, java.lang.Object, java.lang.Object, java.lang.Object, java.lang.Object, java.lang.Object, java.lang.Object, java.lang.Object, java.lang.Object, java.lang.Object, java.lang.Object)'> (0x00000000e3de2a18) 
thrown [s\open\src\hotspot\share\interpreter\linkResolver.cpp, line 774]
Event: 26.630 Thread 0x000000b78c7ce850 Exception <a 'java/lang/NoSuchMethodError'{0x00000000e3de7dd8}: 'java.lang.Object java.lang.invoke.DirectMethodHandle$Holder.invokeSpecial(java.lang.Object, java.lang.Object, java.lang.Object, java.lang.Object, java.lang.Object, java.lang.Object, java.lang.Object, java.lang.Object, java.lang.Object, java.lang.Object, java.lang.Object, java.lang.Object, java.lang.Object)'> (0x00000000e3de7dd8) 
thrown [s\open\src\hotspot\share\interpreter\linkResolver.cpp, line 774]
Event: 26.630 Thread 0x000000b78c7ce850 Exception <a 'java/lang/NoSuchMethodError'{0x00000000e3decac0}: 'java.lang.Object java.lang.invoke.Invokers$Holder.linkToTargetMethod(java.lang.Object, java.lang.Object, java.lang.Object, java.lang.Object, java.lang.Object, java.lang.Object, java.lang.Object, java.lang.Object, java.lang.Object, java.lang.Object, java.lang.Object, java.lang.Object)'> (0x00000000e3decac0) 
thrown [s\open\src\hotspot\share\interpreter\linkResolver.cpp, line 774]
Event: 26.888 Thread 0x000000b78c7ce850 Exception <a 'java/lang/NoSuchMethodError'{0x00000000e3bc9498}: 'java.lang.Object java.lang.invoke.DirectMethodHandle$Holder.newInvokeSpecial(java.lang.Object, java.lang.Object, java.lang.Object, java.lang.Object, java.lang.Object, java.lang.Object, java.lang.Object, int)'> (0x00000000e3bc9498) 
thrown [s\open\src\hotspot\share\interpreter\linkResolver.cpp, line 774]
Event: 26.888 Thread 0x000000b78c7ce850 Exception <a 'java/lang/NoSuchMethodError'{0x00000000e3bce238}: 'java.lang.Object java.lang.invoke.DirectMethodHandle$Holder.invokeSpecial(java.lang.Object, java.lang.Object, java.lang.Object, java.lang.Object, java.lang.Object, java.lang.Object, java.lang.Object, java.lang.Object, int)'> (0x00000000e3bce238) 
thrown [s\open\src\hotspot\share\interpreter\linkResolver.cpp, line 774]
Event: 26.889 Thread 0x000000b78c7ce850 Exception <a 'java/lang/NoSuchMethodError'{0x00000000e3bd2a60}: 'java.lang.Object java.lang.invoke.Invokers$Holder.linkToTargetMethod(java.lang.Object, java.lang.Object, java.lang.Object, java.lang.Object, java.lang.Object, java.lang.Object, int, java.lang.Object)'> (0x00000000e3bd2a60) 
thrown [s\open\src\hotspot\share\interpreter\linkResolver.cpp, line 774]
Event: 30.988 Thread 0x000000b78c7ce850 Exception <a 'java/lang/NoSuchMethodError'{0x00000000e3684638}: 'void java.lang.invoke.Invokers$Holder.invokeExact_MT(java.lang.Object, java.lang.Object, java.lang.Object, java.lang.Object)'> (0x00000000e3684638) 
thrown [s\open\src\hotspot\share\interpreter\linkResolver.cpp, line 774]
Event: 31.260 Thread 0x000000b78c7ce850 Implicit null exception at 0x000000b79c858ef3 to 0x000000b79c85915c
Event: 31.703 Thread 0x000000b78c7ce850 Exception <a 'java/lang/IncompatibleClassChangeError'{0x00000000e325b0f8}: Found class java.lang.Object, but interface was expected> (0x00000000e325b0f8) 
thrown [s\open\src\hotspot\share\interpreter\linkResolver.cpp, line 841]
Event: 32.295 Thread 0x000000b78c7ce850 Exception <a 'java/lang/IncompatibleClassChangeError'{0x00000000e32de1d0}: Found class java.lang.Object, but interface was expected> (0x00000000e32de1d0) 
thrown [s\open\src\hotspot\share\interpreter\linkResolver.cpp, line 841]
Event: 32.612 Thread 0x000000b78c7ce850 Exception <a 'java/lang/IncompatibleClassChangeError'{0x00000000e4461ab0}: Found class java.lang.Object, but interface was expected> (0x00000000e4461ab0) 
thrown [s\open\src\hotspot\share\interpreter\linkResolver.cpp, line 841]
Event: 33.146 Thread 0x000000b78c7ce850 Exception <a 'java/lang/IncompatibleClassChangeError'{0x00000000e3e91560}: Found class java.lang.Object, but interface was expected> (0x00000000e3e91560) 
thrown [s\open\src\hotspot\share\interpreter\linkResolver.cpp, line 841]

ZGC Phase Switch (0 events):
No events

VM Operations (20 events):
Event: 31.569 Executing VM operation: Cleanup
Event: 31.570 Executing VM operation: Cleanup done
Event: 32.309 Executing VM operation: G1CollectForAllocation (G1 Evacuation Pause)
Event: 32.329 Executing VM operation: G1CollectForAllocation (G1 Evacuation Pause) done
Event: 32.442 Executing VM operation: G1PauseRemark
Event: 32.461 Executing VM operation: G1PauseRemark done
Event: 32.505 Executing VM operation: G1PauseCleanup
Event: 32.506 Executing VM operation: G1PauseCleanup done
Event: 32.985 Executing VM operation: HandshakeAllThreads (Deoptimize)
Event: 32.985 Executing VM operation: HandshakeAllThreads (Deoptimize) done
Event: 33.184 Executing VM operation: HandshakeAllThreads (Deoptimize)
Event: 33.184 Executing VM operation: HandshakeAllThreads (Deoptimize) done
Event: 33.433 Executing VM operation: HandshakeAllThreads (Deoptimize)
Event: 33.433 Executing VM operation: HandshakeAllThreads (Deoptimize) done
Event: 34.297 Executing VM operation: G1CollectForAllocation (G1 Evacuation Pause)
Event: 34.338 Executing VM operation: G1CollectForAllocation (G1 Evacuation Pause) done
Event: 34.387 Executing VM operation: HandshakeAllThreads (Deoptimize)
Event: 34.398 Executing VM operation: HandshakeAllThreads (Deoptimize) done
Event: 35.406 Executing VM operation: Cleanup
Event: 35.407 Executing VM operation: Cleanup done

Events (20 events):
Event: 32.456 Thread 0x000000b7a6df8960 flushing nmethod 0x000000b79502c510
Event: 32.456 Thread 0x000000b7a6df8960 flushing nmethod 0x000000b79502e910
Event: 32.456 Thread 0x000000b7a6df8960 flushing nmethod 0x000000b795059c10
Event: 32.456 Thread 0x000000b7a6df8960 flushing nmethod 0x000000b79505a410
Event: 32.456 Thread 0x000000b7a6df8960 flushing nmethod 0x000000b795087b90
Event: 32.456 Thread 0x000000b7a6df8960 flushing nmethod 0x000000b7950abe90
Event: 32.456 Thread 0x000000b7a6df8960 flushing nmethod 0x000000b7950ac210
Event: 32.456 Thread 0x000000b7a6df8960 flushing nmethod 0x000000b7950aca90
Event: 32.456 Thread 0x000000b7a6df8960 flushing nmethod 0x000000b795145210
Event: 32.456 Thread 0x000000b7a6df8960 flushing nmethod 0x000000b79518ee10
Event: 32.456 Thread 0x000000b7a6df8960 flushing nmethod 0x000000b7951a2a90
Event: 32.456 Thread 0x000000b7a6df8960 flushing nmethod 0x000000b7951a4b90
Event: 32.456 Thread 0x000000b7a6df8960 flushing nmethod 0x000000b7951c0610
Event: 32.456 Thread 0x000000b7a6df8960 flushing nmethod 0x000000b7951f7a10
Event: 32.456 Thread 0x000000b7a6df8960 flushing nmethod 0x000000b7951f8210
Event: 32.456 Thread 0x000000b7a6df8960 flushing nmethod 0x000000b7951f9f90
Event: 32.456 Thread 0x000000b7a6df8960 flushing nmethod 0x000000b7952b6e10
Event: 32.456 Thread 0x000000b7a6df8960 flushing nmethod 0x000000b7952b7390
Event: 32.456 Thread 0x000000b7a6df8960 flushing nmethod 0x000000b795366590
Event: 32.456 Thread 0x000000b7a6df8960 flushing nmethod 0x000000b795370910


Dynamic libraries:
0x00007ff60c890000 - 0x00007ff60c8a0000 	C:\Program Files\Java\jdk-22\bin\java.exe
0x00007fff50b00000 - 0x00007fff50cc2000 	C:\Windows\SYSTEM32\ntdll.dll
0x00007fff4e380000 - 0x00007fff4e42d000 	C:\Windows\system32\KERNEL32.DLL
0x00007fff4de20000 - 0x00007fff4dffd000 	C:\Windows\system32\KERNELBASE.dll
0x00007fff36f90000 - 0x00007fff36fa7000 	C:\Program Files\Java\jdk-22\bin\jli.dll
0x00007fff36cc0000 - 0x00007fff36cdb000 	C:\Program Files\Java\jdk-22\bin\VCRUNTIME140.dll
0x00007fff50750000 - 0x00007fff507f6000 	C:\Windows\system32\ADVAPI32.dll
0x00007fff4e6b0000 - 0x00007fff4e74d000 	C:\Windows\system32\msvcrt.dll
0x00007fff441c0000 - 0x00007fff442b2000 	C:\Windows\SYSTEM32\ucrtbase.dll
0x00007fff50250000 - 0x00007fff502ab000 	C:\Windows\system32\sechost.dll
0x00007fff50110000 - 0x00007fff50236000 	C:\Windows\system32\RPCRT4.dll
0x00007fff4e230000 - 0x00007fff4e37e000 	C:\Windows\system32\USER32.dll
0x00007fff50460000 - 0x00007fff505e5000 	C:\Windows\system32\GDI32.dll
0x00007fff412a0000 - 0x00007fff41514000 	C:\Windows\WinSxS\amd64_microsoft.windows.common-controls_6595b64144ccf1df_6.0.10240.16384_none_f41f7b285750ef43\COMCTL32.dll
0x00007fff462e0000 - 0x00007fff462ea000 	C:\Windows\SYSTEM32\VERSION.dll
0x00007fff4e750000 - 0x00007fff4e786000 	C:\Windows\system32\IMM32.DLL
0x00007fff4fef0000 - 0x00007fff5004c000 	C:\Windows\system32\MSCTF.dll
0x00007fff3d630000 - 0x00007fff3d63c000 	C:\Program Files\Java\jdk-22\bin\vcruntime140_1.dll
0x00007fff0ecf0000 - 0x00007fff0ed7e000 	C:\Program Files\Java\jdk-22\bin\msvcp140.dll
0x00007fff0d300000 - 0x00007fff0e047000 	C:\Program Files\Java\jdk-22\bin\server\jvm.dll
0x00007fff4d530000 - 0x00007fff4d57a000 	C:\Windows\system32\POWRPROF.dll
0x00007fff506e0000 - 0x00007fff50749000 	C:\Windows\system32\WS2_32.dll
0x00007fff50240000 - 0x00007fff50248000 	C:\Windows\system32\NSI.dll
0x00007fff48910000 - 0x00007fff48933000 	C:\Windows\SYSTEM32\WINMM.dll
0x00007fff486e0000 - 0x00007fff4870c000 	C:\Windows\SYSTEM32\WINMMBASE.dll
0x00007fff4dcb0000 - 0x00007fff4dcf4000 	C:\Windows\system32\cfgmgr32.dll
0x00007fff4be00000 - 0x00007fff4be27000 	C:\Windows\SYSTEM32\DEVOBJ.dll
0x00007fff4d580000 - 0x00007fff4d58f000 	C:\Windows\system32\kernel.appcore.dll
0x00007fff3d150000 - 0x00007fff3d15a000 	C:\Program Files\Java\jdk-22\bin\jimage.dll
0x00007fff44350000 - 0x00007fff444da000 	C:\Windows\SYSTEM32\DBGHELP.DLL
0x00007fff43b40000 - 0x00007fff43b65000 	C:\Windows\SYSTEM32\dbgcore.DLL
0x00007fff3c030000 - 0x00007fff3c03f000 	C:\Program Files\Java\jdk-22\bin\instrument.dll
0x00007fff35f10000 - 0x00007fff35f2e000 	C:\Program Files\Java\jdk-22\bin\java.dll
0x00007fff4e7f0000 - 0x00007fff4fd15000 	C:\Windows\system32\SHELL32.dll
0x00007fff4d5d0000 - 0x00007fff4dbf8000 	C:\Windows\system32\windows.storage.dll
0x00007fff4e430000 - 0x00007fff4e6ac000 	C:\Windows\system32\combase.dll
0x00007fff4e1d0000 - 0x00007fff4e221000 	C:\Windows\system32\shlwapi.dll
0x00007fff4dd60000 - 0x00007fff4de13000 	C:\Windows\system32\shcore.dll
0x00007fff4d590000 - 0x00007fff4d5a3000 	C:\Windows\system32\profapi.dll
0x00007fff508c0000 - 0x00007fff50a01000 	C:\Windows\system32\ole32.dll
0x00007fff0d220000 - 0x00007fff0d2f7000 	C:\Program Files\Java\jdk-22\bin\jsvml.dll
0x00007fff356c0000 - 0x00007fff356d7000 	C:\Program Files\Java\jdk-22\bin\zip.dll
0x00007fff384b0000 - 0x00007fff384c0000 	C:\Program Files\Java\jdk-22\bin\net.dll
0x00007fff4cda0000 - 0x00007fff4cdfd000 	C:\Windows\system32\mswsock.dll
0x00007fff35000000 - 0x00007fff35016000 	C:\Program Files\Java\jdk-22\bin\nio.dll
0x00007fff34ea0000 - 0x00007fff34eba000 	C:\Program Files\IntelliJ IDEA Community Edition 2024.1.1\bin\breakgen64.dll
0x00007fff37c00000 - 0x00007fff37c09000 	C:\Program Files\Java\jdk-22\bin\extnet.dll
0x00007fff35e60000 - 0x00007fff35e6b000 	C:\Program Files\Java\jdk-22\bin\le.dll
0x00007fff35c60000 - 0x00007fff35c6e000 	C:\Program Files\Java\jdk-22\bin\sunmscapi.dll
0x00007fff4e000000 - 0x00007fff4e1c1000 	C:\Windows\system32\CRYPT32.dll
0x00007fff4d5b0000 - 0x00007fff4d5c1000 	C:\Windows\system32\MSASN1.dll
0x00007fff4d030000 - 0x00007fff4d056000 	C:\Windows\SYSTEM32\ncrypt.dll
0x00007fff4d3c0000 - 0x00007fff4d3e8000 	C:\Windows\SYSTEM32\bcrypt.dll
0x00007fff4cff0000 - 0x00007fff4d026000 	C:\Windows\SYSTEM32\NTASN1.dll
0x00007fff4ce40000 - 0x00007fff4ce57000 	C:\Windows\SYSTEM32\CRYPTSP.dll
0x00007fff4c980000 - 0x00007fff4c9b3000 	C:\Windows\system32\rsaenh.dll
0x00007fff4cd40000 - 0x00007fff4cd5f000 	C:\Windows\SYSTEM32\USERENV.dll
0x00007fff4d350000 - 0x00007fff4d3bb000 	C:\Windows\system32\bcryptprimitives.dll
0x00007fff4d060000 - 0x00007fff4d06b000 	C:\Windows\SYSTEM32\CRYPTBASE.dll
0x00007fff4a090000 - 0x00007fff4a0c8000 	C:\Windows\SYSTEM32\IPHLPAPI.DLL
0x00007fff4a490000 - 0x00007fff4a49b000 	C:\Windows\SYSTEM32\WINNSI.DLL
0x00007fff3b890000 - 0x00007fff3b8a0000 	C:\Program Files\Java\jdk-22\bin\verify.dll
0x00007fff4cb30000 - 0x00007fff4cbd8000 	C:\Windows\SYSTEM32\DNSAPI.dll
0x00007fff46b40000 - 0x00007fff46b4a000 	C:\Windows\System32\rasadhlp.dll
0x00007fff49560000 - 0x00007fff495c8000 	C:\Windows\System32\fwpuclnt.dll

dbghelp: loaded successfully - version: 4.0.5 - missing functions: none
symbol engine: initialized successfully - sym options: 0x614 - pdb path: .;C:\Program Files\Java\jdk-22\bin;C:\Windows\SYSTEM32;C:\Windows\WinSxS\amd64_microsoft.windows.common-controls_6595b64144ccf1df_6.0.10240.16384_none_f41f7b285750ef43;C:\Program Files\Java\jdk-22\bin\server;C:\Program Files\IntelliJ IDEA Community Edition 2024.1.1\bin

VM Arguments:
jvm_args: -ea -Didea.test.cyclic.buffer.size=1048576 -javaagent:C:\Program Files\IntelliJ IDEA Community Edition 2024.1.1\lib\idea_rt.jar=52447:C:\Program Files\IntelliJ IDEA Community Edition 2024.1.1\bin -Dfile.encoding=UTF-8 -Dsun.stdout.encoding=UTF-8 -Dsun.stderr.encoding=UTF-8 
java_command: com.intellij.rt.junit.JUnitStarter -ideVersion5 -junit5 @w@C:\Users\DELL\AppData\Local\Temp\idea_working_dirs_junit.tmp @C:\Users\DELL\AppData\Local\Temp\idea_junit.tmp -socket52446
java_class_path (initial): C:\Users\DELL\.m2\repository\org\junit\platform\junit-platform-launcher\1.10.2\junit-platform-launcher-1.10.2.jar;C:\Program Files\IntelliJ IDEA Community Edition 2024.1.1\lib\idea_rt.jar;C:\Program Files\IntelliJ IDEA Community Edition 2024.1.1\plugins\junit\lib\junit5-rt.jar;C:\Program Files\IntelliJ IDEA Community Edition 2024.1.1\plugins\junit\lib\junit-rt.jar;C:\Users\DELL\Desktop\Hair\HairSalon\target\test-classes;C:\Users\DELL\Desktop\Hair\HairSalon\target\classes;C:\Users\DELL\.m2\repository\org\springframework\boot\spring-boot-starter-data-jpa\3.3.0\spring-boot-starter-data-jpa-3.3.0.jar;C:\Users\DELL\.m2\repository\org\springframework\boot\spring-boot-starter-aop\3.3.0\spring-boot-starter-aop-3.3.0.jar;C:\Users\DELL\.m2\repository\org\aspectj\aspectjweaver\1.9.22\aspectjweaver-1.9.22.jar;C:\Users\DELL\.m2\repository\org\springframework\boot\spring-boot-starter-jdbc\3.3.0\spring-boot-starter-jdbc-3.3.0.jar;C:\Users\DELL\.m2\repository\com\zaxxer\HikariCP\5.1.0\HikariCP-5.1.0.jar;C:\Users\DELL\.m2\repository\org\springframework\spring-jdbc\6.1.8\spring-jdbc-6.1.8.jar;C:\Users\DELL\.m2\repository\org\hibernate\orm\hibernate-core\6.5.2.Final\hibernate-core-6.5.2.Final.jar;C:\Users\DELL\.m2\repository\jakarta\persistence\jakarta.persistence-api\3.1.0\jakarta.persistence-api-3.1.0.jar;C:\Users\DELL\.m2\repository\jakarta\transaction\jakarta.transaction-api\2.0.1\jakarta.transaction-api-2.0.1.jar;C:\Users\DELL\.m2\repository\org\jboss\logging\jboss-logging\3.5.3.Final\jboss-logging-3.5.3.Final.jar;C:\Users\DELL\.m2\repository\org\hibernate\common\hibernate-commons-annotations\6.0.6.Final\hibernate-commons-annotations-6.0.6.Final.jar;C:\Users\DELL\.m2\repository\io\smallrye\jandex\3.1.2\jandex-3.1.2.jar;C:\Users\DELL\.m2\repository\com\fasterxml\classmate\1.7.0\classmate-1.7.0.jar;C:\Users\DELL\.m2\repository\net\bytebuddy\byte-buddy\1.14.16\byte-buddy-1.14.16.jar;C:\Users\DELL\.m2\repository\org\glassfish\jaxb\jaxb-runtime\4.0.5\jaxb-runtime-4.0.5.jar;C:\Users\DELL\.m2\repository\org\glassfish\jaxb\jaxb-core\4.0.5\jaxb-core-4.0.5.jar;C:\Users\DELL\.m2\repository\org\glassfish\jaxb\txw2\4.0.5\txw2-4.0.5.jar;C:\Users\DELL\.m2\repository\com\sun\istack\istack-commons-runtime\4.1.2\istack-commons-runtime-4.1.2.jar;C:\Users\DELL\.m2\repository\jakarta\inject\jakarta.inject-api\2.0.1\jakarta.inject-api-2.0.1.jar;C:\Users\DELL\.m2\repository\org\antlr\antlr4-runtime\4.13.0\antlr4-runtime-4.13.0.jar;C:\Users\DELL\.m2\repository\org\springframework\data\spring-data-jpa\3.3.0\spring-data-jpa-3.3.0.jar;C:\Users\DELL\.m2\repository\org\springframework\data\spring-data-commons\3.3.0\spring-data-commons-3.3.0.jar;C:\Users\DELL\.m2\repository\org\springframework\spring-orm\6.1.8\spring-orm-6.1.8.jar;C:\Users\DELL\.m2\repository\org\springframework\spring-context\6.1.8\spring-context-6.1.8.jar;C:\Users\DELL\.m2\repository\org\springframework\spring-tx\6.1.8\spring-tx-6.1.8.jar;C:\Users\DELL\.m2\repository\org\springframework\spring-beans\6.1.8\spring-beans-6.1.8.jar;C:\Users\DELL\.m2\repository\jakarta\annotation\jakarta.annotation-api\2.1.1\jakarta.annotation-api-2.1.1.jar;C:\Users\DELL\.m2\repository\org\slf4j\slf4j-api\2.0.13\slf4j-api-2.0.13.jar;C:\Users\DELL\.m2\repository\org\springframework\spring-aspects\6.1.8\spring-aspects-6.1.8.jar;C:\Users\DELL\.m2\repository\org\springframework\boot\spring-boot-starter-security\3.3.0\spring-boot-starter-security-3.3.0.jar;C:\Users\DELL\.m2\repository\org\springframework\boot\spring-boot-starter\3.3.0\spring-boot-starter-3.3.0.jar;C:\Users\DELL\.m2\repository\org\springframework\boot\spring-boot-starter-logging\3.3.0\spring-boot-starter-logging-3.3.0.jar;C:\Users\DELL\.m2\repository\ch\qos\logback\logback-classic\1.5.6\logback-classic-1.5.6.jar;C:\Users\DELL\.m2\repository\ch\qos\logback\logback-core\1.5.6\logback-core-1.5.6.jar;C:\Users\DELL\.m2\repository\org\apache\logging\log4j\log4j-to-slf4j\2.23.1\log4j-to-slf4j-2.23.1.jar;C:\Users\DELL\.m2\repository\org\apache\logging\log4j\log4j-api\2.23.1\log4j-api-2.23.1.jar;C:\Users\DELL\.m2\repository\org\slf4j\jul-to-slf4j\2.0.13\jul-to-slf4j-2.0.13.jar;C:\Users\DELL\.m2\repository\org\yaml\snakeyaml\2.2\snakeyaml-2.2.jar;C:\Users\DELL\.m2\repository\org\springframework\spring-aop\6.1.8\spring-aop-6.1.8.jar;C:\Users\DELL\.m2\repository\org\springframework\security\spring-security-config\6.3.0\spring-security-config-6.3.0.jar;C:\Users\DELL\.m2\repository\org\springframework\security\spring-security-web\6.3.0\spring-security-web-6.3.0.jar;C:\Users\DELL\.m2\repository\org\springframework\spring-expression\6.1.8\spring-expression-6.1.8.jar;C:\Users\DELL\.m2\repository\org\springframework\boot\spring-boot-starter-web\3.3.0\spring-boot-starter-web-3.3.0.jar;C:\Users\DELL\.m2\repository\org\springframework\boot\spring-boot-starter-json\3.3.0\spring-boot-starter-json-3.3.0.jar;C:\Users\DELL\.m2\repository\com\fasterxml\jackson\core\jackson-databind\2.17.1\jackson-databind-2.17.1.jar;C:\Users\DELL\.m2\repository\com\fasterxml\jackson\core\jackson-annotations\2.17.1\jackson-annotations-2.17.1.jar;C:\Users\DELL\.m2\repository\com\fasterxml\jackson\core\jackson-core\2.17.1\jackson-core-2.17.1.jar;C:\Users\DELL\.m2\repository\com\fasterxml\jackson\datatype\jackson-datatype-jdk8\2.17.1\jackson-datatype-jdk8-2.17.1.jar;C:\Users\DELL\.m2\repository\com\fasterxml\jackson\datatype\jackson-datatype-jsr310\2.17.1\jackson-datatype-jsr310-2.17.1.jar;C:\Users\DELL\.m2\repository\com\fasterxml\jackson\module\jackson-module-parameter-names\2.17.1\jackson-module-parameter-names-2.17.1.jar;C:\Users\DELL\.m2\repository\org\springframework\boot\spring-boot-starter-tomcat\3.3.0\spring-boot-starter-tomcat-3.3.0.jar;C:\Users\DELL\.m2\repository\org\apache\tomcat\embed\tomcat-embed-core\10.1.24\tomcat-embed-core-10.1.24.jar;C:\Users\DELL\.m2\repository\org\apache\tomcat\embed\tomcat-embed-websocket\10.1.24\tomcat-embed-websocket-10.1.24.jar;C:\Users\DELL\.m2\repository\org\springframework\spring-web\6.1.8\spring-web-6.1.8.jar;C:\Users\DELL\.m2\repository\io\micrometer\micrometer-observation\1.13.0\micrometer-observation-1.13.0.jar;C:\Users\DELL\.m2\repository\io\micrometer\micrometer-commons\1.13.0\micrometer-commons-1.13.0.jar;C:\Users\DELL\.m2\repository\org\springframework\spring-webmvc\6.1.8\spring-webmvc-6.1.8.jar;C:\Users\DELL\.m2\repository\org\springframework\boot\spring-boot-devtools\3.3.0\spring-boot-devtools-3.3.0.jar;C:\Users\DELL\.m2\repository\org\springframework\boot\spring-boot\3.3.0\spring-boot-3.3.0.jar;C:\Users\DELL\.m2\repository\org\springframework\boot\spring-boot-autoconfigure\3.3.0\spring-boot-autoconfigure-3.3.0.jar;C:\Users\DELL\.m2\repository\com\mysql\mysql-connector-j\8.3.0\mysql-connector-j-8.3.0.jar;C:\Users\DELL\.m2\repository\org\projectlombok\lombok\1.18.32\lombok-1.18.32.jar;C:\Users\DELL\.m2\repository\org\springframework\boot\spring-boot-starter-test\3.3.0\spring-boot-starter-test-3.3.0.jar;C:\Users\DELL\.m2\repository\org\springframework\boot\spring-boot-test\3.3.0\spring-boot-test-3.3.0.jar;C:\Users\DELL\.m2\repository\org\springframework\boot\spring-boot-test-autoconfigure\3.3.0\spring-boot-test-autoconfigure-3.3.0.jar;C:\Users\DELL\.m2\repository\com\jayway\jsonpath\json-path\2.9.0\json-path-2.9.0.jar;C:\Users\DELL\.m2\repository\jakarta\xml\bind\jakarta.xml.bind-api\4.0.2\jakarta.xml.bind-api-4.0.2.jar;C:\Users\DELL\.m2\repository\jakarta\activation\jakarta.activation-api\2.1.3\jakarta.activation-api-2.1.3.jar;C:\Users\DELL\.m2\repository\net\minidev\json-smart\2.5.1\json-smart-2.5.1.jar;C:\Users\DELL\.m2\repository\net\minidev\accessors-smart\2.5.1\accessors-smart-2.5.1.jar;C:\Users\DELL\.m2\repository\org\ow2\asm\asm\9.6\asm-9.6.jar;C:\Users\DELL\.m2\repository\org\assertj\assertj-core\3.25.3\assertj-core-3.25.3.jar;C:\Users\DELL\.m2\repository\org\awaitility\awaitility\4.2.1\awaitility-4.2.1.jar;C:\Users\DELL\.m2\repository\org\hamcrest\hamcrest\2.2\hamcrest-2.2.jar;C:\Users\DELL\.m2\repository\org\junit\jupiter\junit-jupiter\5.10.2\junit-jupiter-5.10.2.jar;C:\Users\DELL\.m2\repository\org\junit\jupiter\junit-jupiter-api\5.10.2\junit-jupiter-api-5.10.2.jar;C:\Users\DELL\.m2\repository\org\opentest4j\opentest4j\1.3.0\opentest4j-1.3.0.jar;C:\Users\DELL\.m2\repository\org\junit\platform\junit-platform-commons\1.10.2\junit-platform-commons-1.10.2.jar;C:\Users\DELL\.m2\repository\org\apiguardian\apiguardian-api\1.1.2\apiguardian-api-1.1.2.jar;C:\Users\DELL\.m2\repository\org\junit\jupiter\junit-jupiter-params\5.10.2\junit-jupiter-params-5.10.2.jar;C:\Users\DELL\.m2\repository\org\junit\jupiter\junit-jupiter-engine\5.10.2\junit-jupiter-engine-5.10.2.jar;C:\Users\DELL\.m2\repository\org\junit\platform\junit-platform-engine\1.10.2\junit-platform-engine-1.10.2.jar;C:\Users\DELL\.m2\repository\org\mockito\mockito-core\5.11.0\mockito-core-5.11.0.jar;C:\Users\DELL\.m2\repository\net\bytebuddy\byte-buddy-agent\1.14.16\byte-buddy-agent-1.14.16.jar;C:\Users\DELL\.m2\repository\org\objenesis\objenesis\3.3\objenesis-3.3.jar;C:\Users\DELL\.m2\repository\org\mockito\mockito-junit-jupiter\5.11.0\mockito-junit-jupiter-5.11.0.jar;C:\Users\DELL\.m2\repository\org\skyscreamer\jsonassert\1.5.1\jsonassert-1.5.1.jar;C:\Users\DELL\.m2\repository\com\vaadin\external\google\android-json\0.0.20131108.vaadin1\android-json-0.0.20131108.vaadin1.jar;C:\Users\DELL\.m2\repository\org\springframework\spring-core\6.1.8\spring-core-6.1.8.jar;C:\Users\DELL\.m2\repository\org\springframework\spring-jcl\6.1.8\spring-jcl-6.1.8.jar;C:\Users\DELL\.m2\repository\org\springframework\spring-test\6.1.8\spring-test-6.1.8.jar;C:\Users\DELL\.m2\repository\org\xmlunit\xmlunit-core\2.9.1\xmlunit-core-2.9.1.jar;C:\Users\DELL\.m2\repository\org\springframework\boot\spring-boot-starter-mail\3.3.0\spring-boot-starter-mail-3.3.0.jar;C:\Users\DELL\.m2\repository\org\springframework\spring-context-support\6.1.8\spring-context-support-6.1.8.jar;C:\Users\DELL\.m2\repository\org\eclipse\angus\jakarta.mail\2.0.3\jakarta.mail-2.0.3.jar;C:\Users\DELL\.m2\repository\org\eclipse\angus\angus-activation\2.0.2\angus-activation-2.0.2.jar;C:\Users\DELL\.m2\repository\org\springframework\boot\spring-boot-starter-validation\3.3.0\spring-boot-starter-validation-3.3.0.jar;C:\Users\DELL\.m2\repository\org\apache\tomcat\embed\tomcat-embed-el\10.1.24\tomcat-embed-el-10.1.24.jar;C:\Users\DELL\.m2\repository\org\hibernate\validator\hibernate-validator\8.0.1.Final\hibernate-validator-8.0.1.Final.jar;C:\Users\DELL\.m2\repository\jakarta\validation\jakarta.validation-api\3.0.2\jakarta.validation-api-3.0.2.jar;C:\Users\DELL\.m2\repository\org\springframework\security\spring-security-test\6.3.0\spring-security-test-6.3.0.jar;C:\Users\DELL\.m2\repository\org\springframework\security\spring-security-core\6.3.0\spring-security-core-6.3.0.jar;C:\Users\DELL\.m2\repository\org\springframework\security\spring-security-crypto\6.3.0\spring-security-crypto-6.3.0.jar
Launcher Type: SUN_STANDARD

[Global flags]
     intx CICompilerCount                          = 3                                         {product} {ergonomic}
     uint ConcGCThreads                            = 1                                         {product} {ergonomic}
     uint G1ConcRefinementThreads                  = 4                                         {product} {ergonomic}
   size_t G1HeapRegionSize                         = 1048576                                   {product} {ergonomic}
   size_t InitialHeapSize                          = 33554432                                  {product} {ergonomic}
   size_t MarkStackSize                            = 4194304                                   {product} {ergonomic}
   size_t MaxHeapSize                              = 513802240                                 {product} {ergonomic}
   size_t MaxNewSize                               = 308281344                                 {product} {ergonomic}
   size_t MinHeapDeltaBytes                        = 1048576                                   {product} {ergonomic}
   size_t MinHeapSize                              = 8388608                                   {product} {ergonomic}
    uintx NonNMethodCodeHeapSize                   = 5832780                                {pd product} {ergonomic}
    uintx NonProfiledCodeHeapSize                  = 122912730                              {pd product} {ergonomic}
    uintx ProfiledCodeHeapSize                     = 122912730                              {pd product} {ergonomic}
    uintx ReservedCodeCacheSize                    = 251658240                              {pd product} {ergonomic}
     bool SegmentedCodeCache                       = true                                      {product} {ergonomic}
   size_t SoftMaxHeapSize                          = 513802240                              {manageable} {ergonomic}
     bool UseCompressedOops                        = true                           {product lp64_product} {ergonomic}
     bool UseG1GC                                  = true                                      {product} {ergonomic}
     bool UseLargePagesIndividualAllocation        = false                                  {pd product} {ergonomic}

Logging:
Log output configuration:
 #0: stdout all=warning uptime,level,tags foldmultilines=false
 #1: stderr all=off uptime,level,tags foldmultilines=false

Environment Variables:
PATH=C:\Program Files\Common Files\Oracle\Java\javapath;C:\Windows\system32;C:\Windows;C:\Windows\System32\Wbem;C:\Windows\System32\WindowsPowerShell\v1.0\;C:\Program Files\Git\cmd;C:\Program Files\nodejs\;C:\Program Files\MySQL\MySQL Shell 8.0\bin\;C:\Users\DELL\AppData\Local\Programs\Python\Launcher\;C:\Users\DELL\AppData\Local\Programs\Microsoft VS Code\bin;C:\Program Files\JetBrains\IntelliJ IDEA 2024.1.1\bin;;C:\Program Files\IntelliJ IDEA Community Edition 2024.1.1\bin;;C:\Users\DELL\AppData\Roaming\npm
USERNAME=DELL
OS=Windows_NT
PROCESSOR_IDENTIFIER=Intel64 Family 6 Model 69 Stepping 1, GenuineIntel
TMP=C:\Users\DELL\AppData\Local\Temp
TEMP=C:\Users\DELL\AppData\Local\Temp




Periodic native trim disabled

---------------  S Y S T E M  ---------------

OS:
 Windows 10 , 64 bit Build 10240 (10.0.10240.16384)
OS uptime: 11 days 18:07 hours

CPU: total 4 (initial active 4) (2 cores per cpu, 2 threads per core) family 6 model 69 stepping 1 microcode 0x26, cx8, cmov, fxsr, ht, mmx, sse, sse2, sse3, ssse3, sse4.1, sse4.2, popcnt, lzcnt, tsc, tscinvbit, avx, avx2, aes, erms, clmul, bmi1, bmi2, fma, vzeroupper, clflush, rdtscp, f16c
Processor Information for all 4 processors :
  Max Mhz: 1700, Current Mhz: 1700, Mhz Limit: 1700

Memory: 4k page, system-wide physical 1952M (13M free)
TotalPageFile size 7840M (AvailPageFile size 0M)
current process WorkingSet (physical memory assigned to process): 118M, peak: 169M
current process commit charge ("private bytes"): 245M, peak: 249M

vm_info: Java HotSpot(TM) 64-Bit Server VM (22.0.1+8-16) for windows-amd64 JRE (22.0.1+8-16), built on 2024-03-12T10:33:16Z by "mach5one" with MS VC++ 17.6 (VS2022)

END.
